<?xml version="1.0" encoding="UTF-8"?>
<testsuite xmlns:xsi="http://www.w3.org/2001/XMLSchema-instance" xsi:noNamespaceSchemaLocation="https://maven.apache.org/surefire/maven-surefire-plugin/xsd/surefire-test-report.xsd" name="CalculatorTest" time="0.06" tests="4" errors="0" skipped="0" failures="1">
  <properties>
[...]
</properties>
  <testcase name="multiply1" classname="CalculatorTest" time="0.027"/>
  <testcase name="multiply2" classname="CalculatorTest" time="0"/>
  <testcase name="multiply3" classname="CalculatorTest" time="0.019">
    <failure message="Regular multiplication should work ==&gt; expected: &lt;20&gt; but was: &lt;15&gt;" type="org.opentest4j.AssertionFailedError"><![CDATA[org.opentest4j.AssertionFailedError: Regular multiplication should work ==> expected: <20> but was: <15>
	at CalculatorTest.multiply3(CalculatorTest.java:29)
]]></failure>
  </testcase>
  <testcase name="multiply" classname="CalculatorTest" time="0.002"/>
</testsuite>